build/app/intermediates/manifest_merge_blame_file/debug/manifest-merger-blame-debug-report.txt
1<?xml version="1.0" encoding="utf-8"?>
2<manifest xmlns:android="http://schemas.android.com/apk/res/android"
3    package="com.cityuniversity.fyp.notice_board"
4    android:versionCode="1"
5    android:versionName="1.0.0" >
6
7    <uses-sdk
8        android:minSdkVersion="21"
9        android:targetSdkVersion="30" />
10    <!--
11         Flutter needs it to communicate with the running application
12         to allow setting breakpoints, to provide hot reload, etc.
13    -->
14    <uses-permission android:name="android.permission.INTERNET" />
14-->src/main/AndroidManifest.xml:5:5-67
14-->src/main/AndroidManifest.xml:5:22-64
15    <uses-permission android:name="android.permission.READ_EXTERNAL_STORAGE" />
15-->src/main/AndroidManifest.xml:3:5-80
15-->src/main/AndroidManifest.xml:3:22-77
16    <uses-permission android:name="android.permission.WRITE_EXTERNAL_STORAGE" />
16-->src/main/AndroidManifest.xml:4:5-81
16-->src/main/AndroidManifest.xml:4:22-78
17
18    <queries>
18-->[:file_picker] AndroidManifest.xml:11:5-17:15
19        <intent>
19-->[:file_picker] AndroidManifest.xml:12:9-16:18
20            <action android:name="android.intent.action.GET_CONTENT" />
20-->[:file_picker] AndroidManifest.xml:13:13-72
20-->[:file_picker] AndroidManifest.xml:13:21-69
21
22            <data android:mimeType="*/*" />
22-->[:file_picker] AndroidManifest.xml:15:13-44
22-->[:file_picker] AndroidManifest.xml:15:19-41
23        </intent>
24    </queries>
25
26    <uses-permission android:name="android.permission.REQUEST_INSTALL_PACKAGES" />
26-->[:open_file] AndroidManifest.xml:10:5-83
26-->[:open_file] AndroidManifest.xml:10:22-80
27    <uses-permission android:name="android.permission.ACCESS_NETWORK_STATE" />
27-->[com.google.firebase:firebase-auth:21.0.1] AndroidManifest.xml:24:5-79
27-->[com.google.firebase:firebase-auth:21.0.1] AndroidManifest.xml:24:22-76
28
29    <application
29-->src/main/AndroidManifest.xml:6:4-44:19
30        android:allowBackup="false"
30-->src/main/AndroidManifest.xml:8:9-36
31        android:appComponentFactory="androidx.core.app.CoreComponentFactory"
31-->[androidx.core:core:1.8.0] AndroidManifest.xml:24:18-86
32        android:debuggable="true"
33        android:icon="@mipmap/ic_launcher"
33-->src/main/AndroidManifest.xml:9:9-43
34        android:label="notice_board" >
34-->src/main/AndroidManifest.xml:7:9-37
35        <activity
35-->src/main/AndroidManifest.xml:10:9-38:20
36            android:name="com.cityuniversity.fyp.notice_board.MainActivity"
36-->src/main/AndroidManifest.xml:11:13-41
37            android:configChanges="orientation|keyboardHidden|keyboard|screenSize|smallestScreenSize|locale|layoutDirection|fontScale|screenLayout|density|uiMode"
37-->src/main/AndroidManifest.xml:14:13-163
38            android:hardwareAccelerated="true"
38-->src/main/AndroidManifest.xml:15:13-47
39            android:launchMode="singleTop"
39-->src/main/AndroidManifest.xml:12:13-43
40            android:theme="@style/LaunchTheme"
40-->src/main/AndroidManifest.xml:13:13-47
41            android:windowSoftInputMode="adjustResize" >
41-->src/main/AndroidManifest.xml:16:13-55
42
43            <!--
44                 Specifies an Android theme to apply to this Activity as soon as
45                 the Android process has started. This theme is visible to the user
46                 while the Flutter UI initializes. After that, this theme continues
47                 to determine the Window background behind the Flutter UI.
48            -->
49            <meta-data
49-->src/main/AndroidManifest.xml:21:13-24:17
50                android:name="io.flutter.embedding.android.NormalTheme"
50-->src/main/AndroidManifest.xml:22:15-70
51                android:resource="@style/NormalTheme" />
51-->src/main/AndroidManifest.xml:23:15-52
52            <!--
53                 Displays an Android View that continues showing the launch screen
54                 Drawable until Flutter paints its first frame, then this splash
55                 screen fades out. A splash screen is useful to avoid any visual
56                 gap between the end of Android's launch screen and the painting of
57                 Flutter's first frame.
58            -->
59            <meta-data
59-->src/main/AndroidManifest.xml:30:13-33:17
60                android:name="io.flutter.embedding.android.SplashScreenDrawable"
60-->src/main/AndroidManifest.xml:31:15-79
61                android:resource="@drawable/launch_background" />
61-->src/main/AndroidManifest.xml:32:15-61
62
63            <intent-filter>
63-->src/main/AndroidManifest.xml:34:13-37:29
64                <action android:name="android.intent.action.MAIN" />
64-->src/main/AndroidManifest.xml:35:17-68
64-->src/main/AndroidManifest.xml:35:25-66
65
66                <category android:name="android.intent.category.LAUNCHER" />
66-->src/main/AndroidManifest.xml:36:17-76
66-->src/main/AndroidManifest.xml:36:27-74
67            </intent-filter>
68        </activity>
69        <!--
70             Don't delete the meta-data below.
71             This is used by the Flutter tool to generate GeneratedPluginRegistrant.java
72        -->
73        <meta-data
73-->src/main/AndroidManifest.xml:41:9-43:33
74            android:name="flutterEmbedding"
74-->src/main/AndroidManifest.xml:42:13-44
75            android:value="2" />
75-->src/main/AndroidManifest.xml:43:13-30
76
77        <service
77-->[:cloud_firestore] AndroidManifest.xml:10:9-14:19
78            android:name="com.google.firebase.components.ComponentDiscoveryService"
78-->[:cloud_firestore] AndroidManifest.xml:10:18-89
79            android:directBootAware="true"
79-->[com.google.firebase:firebase-common:20.0.0] AndroidManifest.xml:35:13-43
80            android:exported="false" >
80-->[com.google.firebase:firebase-auth:21.0.1] AndroidManifest.xml:76:13-37
81            <meta-data
81-->[:cloud_firestore] AndroidManifest.xml:11:13-13:85
82                android:name="com.google.firebase.components:io.flutter.plugins.firebase.firestore.FlutterFirebaseFirestoreRegistrar"
82-->[:cloud_firestore] AndroidManifest.xml:12:17-134
83                android:value="com.google.firebase.components.ComponentRegistrar" />
83-->[:cloud_firestore] AndroidManifest.xml:13:17-82
84            <meta-data
84-->[:firebase_auth] AndroidManifest.xml:11:13-13:85
85                android:name="com.google.firebase.components:io.flutter.plugins.firebase.auth.FlutterFirebaseAuthRegistrar"
85-->[:firebase_auth] AndroidManifest.xml:12:17-124
86                android:value="com.google.firebase.components.ComponentRegistrar" />
86-->[:firebase_auth] AndroidManifest.xml:13:17-82
87            <meta-data
87-->[:firebase_storage] AndroidManifest.xml:11:13-13:85
88                android:name="com.google.firebase.components:io.flutter.plugins.firebase.storage.FlutterFirebaseAppRegistrar"
88-->[:firebase_storage] AndroidManifest.xml:12:17-126
89                android:value="com.google.firebase.components.ComponentRegistrar" />
89-->[:firebase_storage] AndroidManifest.xml:13:17-82
90            <meta-data
90-->[:firebase_core] AndroidManifest.xml:11:13-13:85
91                android:name="com.google.firebase.components:io.flutter.plugins.firebase.core.FlutterFirebaseCoreRegistrar"
91-->[:firebase_core] AndroidManifest.xml:12:17-124
92                android:value="com.google.firebase.components.ComponentRegistrar" />
92-->[:firebase_core] AndroidManifest.xml:13:17-82
93            <meta-data
93-->[com.google.firebase:firebase-auth:21.0.1] AndroidManifest.xml:77:13-79:85
94                android:name="com.google.firebase.components:com.google.firebase.auth.FirebaseAuthRegistrar"
94-->[com.google.firebase:firebase-auth:21.0.1] AndroidManifest.xml:78:17-109
95                android:value="com.google.firebase.components.ComponentRegistrar" />
95-->[com.google.firebase:firebase-auth:21.0.1] AndroidManifest.xml:79:17-82
96            <meta-data
96-->[com.google.firebase:firebase-firestore:24.0.1] AndroidManifest.xml:20:13-22:85
97                android:name="com.google.firebase.components:com.google.firebase.firestore.FirestoreRegistrar"
97-->[com.google.firebase:firebase-firestore:24.0.1] AndroidManifest.xml:21:17-111
98                android:value="com.google.firebase.components.ComponentRegistrar" />
98-->[com.google.firebase:firebase-firestore:24.0.1] AndroidManifest.xml:22:17-82
99            <meta-data
99-->[com.google.firebase:firebase-storage:20.0.0] AndroidManifest.xml:33:13-35:85
100                android:name="com.google.firebase.components:com.google.firebase.storage.StorageRegistrar"
100-->[com.google.firebase:firebase-storage:20.0.0] AndroidManifest.xml:34:17-107
101                android:value="com.google.firebase.components.ComponentRegistrar" />
101-->[com.google.firebase:firebase-storage:20.0.0] AndroidManifest.xml:35:17-82
102        </service>
103
104        <provider
104-->[:image_picker_android] AndroidManifest.xml:10:9-18:20
105            android:name="io.flutter.plugins.imagepicker.ImagePickerFileProvider"
105-->[:image_picker_android] AndroidManifest.xml:11:13-82
106            android:authorities="com.cityuniversity.fyp.notice_board.flutter.image_provider"
106-->[:image_picker_android] AndroidManifest.xml:12:13-74
107            android:exported="false"
107-->[:image_picker_android] AndroidManifest.xml:13:13-37
108            android:grantUriPermissions="true" >
108-->[:image_picker_android] AndroidManifest.xml:14:13-47
109            <meta-data
109-->[:image_picker_android] AndroidManifest.xml:15:13-17:75
110                android:name="android.support.FILE_PROVIDER_PATHS"
110-->[:image_picker_android] AndroidManifest.xml:16:17-67
111                android:resource="@xml/flutter_image_picker_file_paths" />
111-->[:image_picker_android] AndroidManifest.xml:17:17-72
112        </provider>
113        <provider
113-->[:open_file] AndroidManifest.xml:14:9-23:20
114            android:name="com.crazecoder.openfile.FileProvider"
114-->[:open_file] AndroidManifest.xml:15:13-64
115            android:authorities="com.cityuniversity.fyp.notice_board.fileProvider.com.crazecoder.openfile"
115-->[:open_file] AndroidManifest.xml:16:13-88
116            android:exported="false"
116-->[:open_file] AndroidManifest.xml:17:13-37
117            android:grantUriPermissions="true" >
117-->[:open_file] AndroidManifest.xml:18:13-47
118            <meta-data
118-->[:image_picker_android] AndroidManifest.xml:15:13-17:75
119                android:name="android.support.FILE_PROVIDER_PATHS"
119-->[:image_picker_android] AndroidManifest.xml:16:17-67
120                android:resource="@xml/filepaths" />
120-->[:image_picker_android] AndroidManifest.xml:17:17-72
121        </provider>
122
123        <activity
123-->[com.google.firebase:firebase-auth:21.0.1] AndroidManifest.xml:27:9-44:20
124            android:name="com.google.firebase.auth.internal.GenericIdpActivity"
124-->[com.google.firebase:firebase-auth:21.0.1] AndroidManifest.xml:28:13-80
125            android:excludeFromRecents="true"
125-->[com.google.firebase:firebase-auth:21.0.1] AndroidManifest.xml:29:13-46
126            android:exported="true"
126-->[com.google.firebase:firebase-auth:21.0.1] AndroidManifest.xml:30:13-36
127            android:launchMode="singleTask"
127-->[com.google.firebase:firebase-auth:21.0.1] AndroidManifest.xml:31:13-44
128            android:theme="@android:style/Theme.Translucent.NoTitleBar" >
128-->[com.google.firebase:firebase-auth:21.0.1] AndroidManifest.xml:32:13-72
129            <intent-filter>
129-->[com.google.firebase:firebase-auth:21.0.1] AndroidManifest.xml:33:13-43:29
130                <action android:name="android.intent.action.VIEW" />
130-->[com.google.firebase:firebase-auth:21.0.1] AndroidManifest.xml:34:17-69
130-->[com.google.firebase:firebase-auth:21.0.1] AndroidManifest.xml:34:25-66
131
132                <category android:name="android.intent.category.DEFAULT" />
132-->[com.google.firebase:firebase-auth:21.0.1] AndroidManifest.xml:36:17-76
132-->[com.google.firebase:firebase-auth:21.0.1] AndroidManifest.xml:36:27-73
133                <category android:name="android.intent.category.BROWSABLE" />
133-->[com.google.firebase:firebase-auth:21.0.1] AndroidManifest.xml:37:17-78
133-->[com.google.firebase:firebase-auth:21.0.1] AndroidManifest.xml:37:27-75
134
135                <data
135-->[:file_picker] AndroidManifest.xml:15:13-44
136                    android:host="firebase.auth"
137                    android:path="/"
138                    android:scheme="genericidp" />
139            </intent-filter>
140        </activity>
141        <activity
141-->[com.google.firebase:firebase-auth:21.0.1] AndroidManifest.xml:45:9-62:20
142            android:name="com.google.firebase.auth.internal.RecaptchaActivity"
142-->[com.google.firebase:firebase-auth:21.0.1] AndroidManifest.xml:46:13-79
143            android:excludeFromRecents="true"
143-->[com.google.firebase:firebase-auth:21.0.1] AndroidManifest.xml:47:13-46
144            android:exported="true"
144-->[com.google.firebase:firebase-auth:21.0.1] AndroidManifest.xml:48:13-36
145            android:launchMode="singleTask"
145-->[com.google.firebase:firebase-auth:21.0.1] AndroidManifest.xml:49:13-44
146            android:theme="@android:style/Theme.Translucent.NoTitleBar" >
146-->[com.google.firebase:firebase-auth:21.0.1] AndroidManifest.xml:50:13-72
147            <intent-filter>
147-->[com.google.firebase:firebase-auth:21.0.1] AndroidManifest.xml:51:13-61:29
148                <action android:name="android.intent.action.VIEW" />
148-->[com.google.firebase:firebase-auth:21.0.1] AndroidManifest.xml:34:17-69
148-->[com.google.firebase:firebase-auth:21.0.1] AndroidManifest.xml:34:25-66
149
150                <category android:name="android.intent.category.DEFAULT" />
150-->[com.google.firebase:firebase-auth:21.0.1] AndroidManifest.xml:36:17-76
150-->[com.google.firebase:firebase-auth:21.0.1] AndroidManifest.xml:36:27-73
151                <category android:name="android.intent.category.BROWSABLE" />
151-->[com.google.firebase:firebase-auth:21.0.1] AndroidManifest.xml:37:17-78
151-->[com.google.firebase:firebase-auth:21.0.1] AndroidManifest.xml:37:27-75
152
153                <data
153-->[:file_picker] AndroidManifest.xml:15:13-44
154                    android:host="firebase.auth"
155                    android:path="/"
156                    android:scheme="recaptcha" />
157            </intent-filter>
158        </activity>
159
160        <service
160-->[com.google.firebase:firebase-auth:21.0.1] AndroidManifest.xml:64:9-73:19
161            android:name="com.google.firebase.auth.api.fallback.service.FirebaseAuthFallbackService"
161-->[com.google.firebase:firebase-auth:21.0.1] AndroidManifest.xml:65:13-101
162            android:enabled="true"
162-->[com.google.firebase:firebase-auth:21.0.1] AndroidManifest.xml:66:13-35
163            android:exported="false" >
163-->[com.google.firebase:firebase-auth:21.0.1] AndroidManifest.xml:67:13-37
164            <intent-filter>
164-->[com.google.firebase:firebase-auth:21.0.1] AndroidManifest.xml:68:13-72:29
165                <action android:name="com.google.firebase.auth.api.gms.service.START" />
165-->[com.google.firebase:firebase-auth:21.0.1] AndroidManifest.xml:69:17-89
165-->[com.google.firebase:firebase-auth:21.0.1] AndroidManifest.xml:69:25-86
166
167                <category android:name="android.intent.category.DEFAULT" />
167-->[com.google.firebase:firebase-auth:21.0.1] AndroidManifest.xml:36:17-76
167-->[com.google.firebase:firebase-auth:21.0.1] AndroidManifest.xml:36:27-73
168            </intent-filter>
169        </service>
170
171        <provider
171-->[com.google.firebase:firebase-common:20.0.0] AndroidManifest.xml:26:9-31:39
172            android:name="com.google.firebase.provider.FirebaseInitProvider"
172-->[com.google.firebase:firebase-common:20.0.0] AndroidManifest.xml:27:13-77
173            android:authorities="com.cityuniversity.fyp.notice_board.firebaseinitprovider"
173-->[com.google.firebase:firebase-common:20.0.0] AndroidManifest.xml:28:13-72
174            android:directBootAware="true"
174-->[com.google.firebase:firebase-common:20.0.0] AndroidManifest.xml:29:13-43
175            android:exported="false"
175-->[com.google.firebase:firebase-common:20.0.0] AndroidManifest.xml:30:13-37
176            android:initOrder="100" />
176-->[com.google.firebase:firebase-common:20.0.0] AndroidManifest.xml:31:13-36
177
178        <activity
178-->[com.google.android.gms:play-services-base:17.1.0] AndroidManifest.xml:23:9-26:75
179            android:name="com.google.android.gms.common.api.GoogleApiActivity"
179-->[com.google.android.gms:play-services-base:17.1.0] AndroidManifest.xml:24:13-79
180            android:exported="false"
180-->[com.google.android.gms:play-services-base:17.1.0] AndroidManifest.xml:25:13-37
181            android:theme="@android:style/Theme.Translucent.NoTitleBar" />
181-->[com.google.android.gms:play-services-base:17.1.0] AndroidManifest.xml:26:13-72
182
183        <meta-data
183-->[com.google.android.gms:play-services-basement:17.1.0] AndroidManifest.xml:23:9-25:69
184            android:name="com.google.android.gms.version"
184-->[com.google.android.gms:play-services-basement:17.1.0] AndroidManifest.xml:24:13-58
185            android:value="@integer/google_play_services_version" />
185-->[com.google.android.gms:play-services-basement:17.1.0] AndroidManifest.xml:25:13-66
186
187        <uses-library
187-->[androidx.window:window:1.0.0-beta04] AndroidManifest.xml:25:9-27:40
188            android:name="androidx.window.extensions"
188-->[androidx.window:window:1.0.0-beta04] AndroidManifest.xml:26:13-54
189            android:required="false" />
189-->[androidx.window:window:1.0.0-beta04] AndroidManifest.xml:27:13-37
190        <uses-library
190-->[androidx.window:window:1.0.0-beta04] AndroidManifest.xml:28:9-30:40
191            android:name="androidx.window.sidecar"
191-->[androidx.window:window:1.0.0-beta04] AndroidManifest.xml:29:13-51
192            android:required="false" />
192-->[androidx.window:window:1.0.0-beta04] AndroidManifest.xml:30:13-37
193    </application>
194
195</manifest>